set -o pipefail; /usr/bin/mariadb-dump --user=_3a9a2a0dba516c26 --host=127.0.0.1 --port=3306 --password=********** --single-transaction --quick --lock-tables=false _3a9a2a0dba516c26 | /usr/bin/gzip >> ./library.localhost/private/backups/20240904_120002-library_localhost-database.sql.gz

Backup Summary for library.localhost at 2024-09-04 12:00:02.853409
Config  : /home/support_4/frappe-bench/sites/library.localhost/private/backups/20240904_120002-library_localhost-site_config_backup.json 127.0B
Database: /home/support_4/frappe-bench/sites/library.localhost/private/backups/20240904_120002-library_localhost-database.sql.gz 214.6KiB
Backup for Site library.localhost has been successfully completed
set -o pipefail; /usr/bin/mariadb-dump --user=_aec3a1164b626331 --host=127.0.0.1 --port=3306 --password=********** --single-transaction --quick --lock-tables=false _aec3a1164b626331 | /usr/bin/gzip >> ./library2.localhost/private/backups/20240904_163002-library2_localhost-database.sql.gz

Backup Summary for library2.localhost at 2024-09-04 16:30:03.750351
Config  : /home/support_4/frappe-bench/sites/library2.localhost/private/backups/20240904_163002-library2_localhost-site_config_backup.json 127.0B
Database: /home/support_4/frappe-bench/sites/library2.localhost/private/backups/20240904_163002-library2_localhost-database.sql.gz 211.1KiB
Backup for Site library2.localhost has been successfully completed
set -o pipefail; /usr/bin/mariadb-dump --user=_3a9a2a0dba516c26 --host=127.0.0.1 --port=3306 --password=********** --single-transaction --quick --lock-tables=false _3a9a2a0dba516c26 | /usr/bin/gzip >> ./library.localhost/private/backups/20240904_180002-library_localhost-database.sql.gz

Backup Summary for library.localhost at 2024-09-04 18:00:03.243384
Config  : /home/support_4/frappe-bench/sites/library.localhost/private/backups/20240904_180002-library_localhost-site_config_backup.json 127.0B
Database: /home/support_4/frappe-bench/sites/library.localhost/private/backups/20240904_180002-library_localhost-database.sql.gz 222.4KiB
Backup for Site library.localhost has been successfully completed
File ./library2.localhost/private/backups/20240904_163002-library2_localhost-database.sql.gz is recent
File ./library2.localhost/private/backups/20240904_163002-library2_localhost-site_config_backup.json is recent
set -o pipefail; /usr/bin/mariadb-dump --user=_aec3a1164b626331 --host=127.0.0.1 --port=3306 --password=********** --single-transaction --quick --lock-tables=false _aec3a1164b626331 | /usr/bin/gzip >> ./library2.localhost/private/backups/20240904_223003-library2_localhost-database.sql.gz

Backup Summary for library2.localhost at 2024-09-04 22:30:04.227749
Config  : /home/support_4/frappe-bench/sites/library2.localhost/private/backups/20240904_223003-library2_localhost-site_config_backup.json 127.0B
Database: /home/support_4/frappe-bench/sites/library2.localhost/private/backups/20240904_223003-library2_localhost-database.sql.gz 211.1KiB
Backup for Site library2.localhost has been successfully completed
set -o pipefail; /usr/bin/mariadb-dump --user=_3a9a2a0dba516c26 --host=127.0.0.1 --port=3306 --password=********** --single-transaction --quick --lock-tables=false _3a9a2a0dba516c26 | /usr/bin/gzip >> ./library.localhost/private/backups/20240905_120002-library_localhost-database.sql.gz

Backup Summary for library.localhost at 2024-09-05 12:00:03.941902
Config  : /home/support_4/frappe-bench/sites/library.localhost/private/backups/20240905_120002-library_localhost-site_config_backup.json 127.0B
Database: /home/support_4/frappe-bench/sites/library.localhost/private/backups/20240905_120002-library_localhost-database.sql.gz 230.4KiB
Backup for Site library.localhost has been successfully completed
File ./library2.localhost/private/backups/20240904_223003-library2_localhost-database.sql.gz is recent
File ./library2.localhost/private/backups/20240904_163002-library2_localhost-database.sql.gz is older than 24 hours
File ./library2.localhost/private/backups/20240904_163002-library2_localhost-site_config_backup.json is older than 24 hours
File ./library2.localhost/private/backups/20240904_223003-library2_localhost-site_config_backup.json is recent
set -o pipefail; /usr/bin/mariadb-dump --user=_aec3a1164b626331 --host=127.0.0.1 --port=3306 --password=********** --single-transaction --quick --lock-tables=false _aec3a1164b626331 | /usr/bin/gzip >> ./library2.localhost/private/backups/20240905_163003-library2_localhost-database.sql.gz

Backup Summary for library2.localhost at 2024-09-05 16:30:04.908705
Config  : /home/support_4/frappe-bench/sites/library2.localhost/private/backups/20240905_163003-library2_localhost-site_config_backup.json 127.0B
Database: /home/support_4/frappe-bench/sites/library2.localhost/private/backups/20240905_163003-library2_localhost-database.sql.gz 211.1KiB
Backup for Site library2.localhost has been successfully completed
set -o pipefail; /usr/bin/mariadb-dump --user=_3a9a2a0dba516c26 --host=127.0.0.1 --port=3306 --password=********** --single-transaction --quick --lock-tables=false _3a9a2a0dba516c26 | /usr/bin/gzip >> ./library.localhost/private/backups/20240905_180002-library_localhost-database.sql.gz

Backup Summary for library.localhost at 2024-09-05 18:00:04.209818
Config  : /home/support_4/frappe-bench/sites/library.localhost/private/backups/20240905_180002-library_localhost-site_config_backup.json 127.0B
Database: /home/support_4/frappe-bench/sites/library.localhost/private/backups/20240905_180002-library_localhost-database.sql.gz 233.4KiB
Backup for Site library.localhost has been successfully completed
File ./library2.localhost/private/backups/20240905_163003-library2_localhost-database.sql.gz is recent
File ./library2.localhost/private/backups/20240904_223003-library2_localhost-database.sql.gz is recent
File ./library2.localhost/private/backups/20240905_163003-library2_localhost-site_config_backup.json is recent
File ./library2.localhost/private/backups/20240904_223003-library2_localhost-site_config_backup.json is recent
set -o pipefail; /usr/bin/mariadb-dump --user=_aec3a1164b626331 --host=127.0.0.1 --port=3306 --password=********** --single-transaction --quick --lock-tables=false _aec3a1164b626331 | /usr/bin/gzip >> ./library2.localhost/private/backups/20240905_223004-library2_localhost-database.sql.gz

Backup Summary for library2.localhost at 2024-09-05 22:30:05.627909
Config  : /home/support_4/frappe-bench/sites/library2.localhost/private/backups/20240905_223004-library2_localhost-site_config_backup.json 127.0B
Database: /home/support_4/frappe-bench/sites/library2.localhost/private/backups/20240905_223004-library2_localhost-database.sql.gz 211.1KiB
Backup for Site library2.localhost has been successfully completed
set -o pipefail; /usr/bin/mariadb-dump --user=_6f67f582b77820dc --host=127.0.0.1 --port=3306 --password=********** --single-transaction --quick --lock-tables=false _6f67f582b77820dc | /usr/bin/gzip >> ./fresh.dev/private/backups/20240906_163002-fresh_dev-database.sql.gz

Backup Summary for fresh.dev at 2024-09-06 16:30:03.247137
Config  : /home/support_4/frappe-bench/sites/fresh.dev/private/backups/20240906_163002-fresh_dev-site_config_backup.json 127.0B
Database: /home/support_4/frappe-bench/sites/fresh.dev/private/backups/20240906_163002-fresh_dev-database.sql.gz 211.3KiB
Backup for Site fresh.dev has been successfully completed
set -o pipefail; /usr/bin/mariadb-dump --user=_5a23f5af2900cc4e --host=127.0.0.1 --port=3306 --password=********** --single-transaction --quick --lock-tables=false _5a23f5af2900cc4e | /usr/bin/gzip >> ./fresh.localhost/private/backups/20240906_120003-fresh_localhost-database.sql.gz

Backup Summary for fresh.localhost at 2024-09-06 12:00:04.017260
Config  : /home/support_4/frappe-bench/sites/fresh.localhost/private/backups/20240906_120003-fresh_localhost-site_config_backup.json 127.0B
Database: /home/support_4/frappe-bench/sites/fresh.localhost/private/backups/20240906_120003-fresh_localhost-database.sql.gz 213.4KiB
Backup for Site fresh.localhost has been successfully completed
File ./library.localhost/private/backups/20240905_120002-library_localhost-site_config_backup.json is older than 24 hours
File ./library.localhost/private/backups/20240905_180002-library_localhost-database.sql.gz is recent
File ./library.localhost/private/backups/20240905_120002-library_localhost-database.sql.gz is older than 24 hours
File ./library.localhost/private/backups/20240904_180002-library_localhost-site_config_backup.json is older than 24 hours
File ./library.localhost/private/backups/20240904_180002-library_localhost-database.sql.gz is older than 24 hours
File ./library.localhost/private/backups/20240905_180002-library_localhost-site_config_backup.json is recent
set -o pipefail; /usr/bin/mariadb-dump --user=_3a9a2a0dba516c26 --host=127.0.0.1 --port=3306 --password=********** --single-transaction --quick --lock-tables=false _3a9a2a0dba516c26 | /usr/bin/gzip >> ./library.localhost/private/backups/20240906_120004-library_localhost-database.sql.gz

Backup Summary for library.localhost at 2024-09-06 12:00:05.165907
Config  : /home/support_4/frappe-bench/sites/library.localhost/private/backups/20240906_120004-library_localhost-site_config_backup.json 194.0B
Database: /home/support_4/frappe-bench/sites/library.localhost/private/backups/20240906_120004-library_localhost-database.sql.gz 235.6KiB
Backup for Site library.localhost has been successfully completed
File ./library2.localhost/private/backups/20240905_163003-library2_localhost-database.sql.gz is older than 24 hours
File ./library2.localhost/private/backups/20240904_223003-library2_localhost-database.sql.gz is older than 24 hours
File ./library2.localhost/private/backups/20240905_163003-library2_localhost-site_config_backup.json is older than 24 hours
File ./library2.localhost/private/backups/20240905_223004-library2_localhost-database.sql.gz is recent
File ./library2.localhost/private/backups/20240904_223003-library2_localhost-site_config_backup.json is older than 24 hours
File ./library2.localhost/private/backups/20240905_223004-library2_localhost-site_config_backup.json is recent
set -o pipefail; /usr/bin/mariadb-dump --user=_aec3a1164b626331 --host=127.0.0.1 --port=3306 --password=********** --single-transaction --quick --lock-tables=false _aec3a1164b626331 | /usr/bin/gzip >> ./library2.localhost/private/backups/20240906_163005-library2_localhost-database.sql.gz

Backup Summary for library2.localhost at 2024-09-06 16:30:06.105594
Config  : /home/support_4/frappe-bench/sites/library2.localhost/private/backups/20240906_163005-library2_localhost-site_config_backup.json 127.0B
Database: /home/support_4/frappe-bench/sites/library2.localhost/private/backups/20240906_163005-library2_localhost-database.sql.gz 211.1KiB
Backup for Site library2.localhost has been successfully completed
set -o pipefail; /usr/bin/mariadb-dump --user=_6f67f582b77820dc --host=127.0.0.1 --port=3306 --password=********** --single-transaction --quick --lock-tables=false _6f67f582b77820dc | /usr/bin/gzip >> ./fresh.dev/private/backups/20240906_223003-fresh_dev-database.sql.gz

Backup Summary for fresh.dev at 2024-09-06 22:30:04.743746
Config  : /home/support_4/frappe-bench/sites/fresh.dev/private/backups/20240906_223003-fresh_dev-site_config_backup.json 127.0B
Database: /home/support_4/frappe-bench/sites/fresh.dev/private/backups/20240906_223003-fresh_dev-database.sql.gz 211.3KiB
Backup for Site fresh.dev has been successfully completed
File ./fresh.localhost/private/backups/20240906_120003-fresh_localhost-database.sql.gz is recent
File ./fresh.localhost/private/backups/20240906_120003-fresh_localhost-site_config_backup.json is recent
set -o pipefail; /usr/bin/mariadb-dump --user=_5a23f5af2900cc4e --host=127.0.0.1 --port=3306 --password=********** --single-transaction --quick --lock-tables=false _5a23f5af2900cc4e | /usr/bin/gzip >> ./fresh.localhost/private/backups/20240906_180004-fresh_localhost-database.sql.gz

Backup Summary for fresh.localhost at 2024-09-06 18:00:06.661096
Config  : /home/support_4/frappe-bench/sites/fresh.localhost/private/backups/20240906_180004-fresh_localhost-site_config_backup.json 127.0B
Database: /home/support_4/frappe-bench/sites/fresh.localhost/private/backups/20240906_180004-fresh_localhost-database.sql.gz 219.7KiB
Backup for Site fresh.localhost has been successfully completed
File ./library.localhost/private/backups/20240905_180002-library_localhost-database.sql.gz is older than 24 hours
File ./library.localhost/private/backups/20240906_120004-library_localhost-site_config_backup.json is recent
File ./library.localhost/private/backups/20240905_180002-library_localhost-site_config_backup.json is older than 24 hours
File ./library.localhost/private/backups/20240906_120004-library_localhost-database.sql.gz is recent
set -o pipefail; /usr/bin/mariadb-dump --user=_3a9a2a0dba516c26 --host=127.0.0.1 --port=3306 --password=********** --single-transaction --quick --lock-tables=false _3a9a2a0dba516c26 | /usr/bin/gzip >> ./library.localhost/private/backups/20240906_180006-library_localhost-database.sql.gz

Backup Summary for library.localhost at 2024-09-06 18:00:09.334778
Config  : /home/support_4/frappe-bench/sites/library.localhost/private/backups/20240906_180006-library_localhost-site_config_backup.json 194.0B
Database: /home/support_4/frappe-bench/sites/library.localhost/private/backups/20240906_180006-library_localhost-database.sql.gz 237.4KiB
Backup for Site library.localhost has been successfully completed
File ./library2.localhost/private/backups/20240906_163005-library2_localhost-site_config_backup.json is recent
File ./library2.localhost/private/backups/20240906_163005-library2_localhost-database.sql.gz is recent
File ./library2.localhost/private/backups/20240905_223004-library2_localhost-database.sql.gz is older than 24 hours
File ./library2.localhost/private/backups/20240905_223004-library2_localhost-site_config_backup.json is older than 24 hours
set -o pipefail; /usr/bin/mariadb-dump --user=_aec3a1164b626331 --host=127.0.0.1 --port=3306 --password=********** --single-transaction --quick --lock-tables=false _aec3a1164b626331 | /usr/bin/gzip >> ./library2.localhost/private/backups/20240906_223009-library2_localhost-database.sql.gz

Backup Summary for library2.localhost at 2024-09-06 22:30:11.061763
Config  : /home/support_4/frappe-bench/sites/library2.localhost/private/backups/20240906_223009-library2_localhost-site_config_backup.json 127.0B
Database: /home/support_4/frappe-bench/sites/library2.localhost/private/backups/20240906_223009-library2_localhost-database.sql.gz 211.1KiB
Backup for Site library2.localhost has been successfully completed
